<?xml version="1.0" encoding="UTF-8"?>
<!-- Generated by org.testng.reporters.JUnitReportReporter -->
<testsuite skipped="0" hostname="Clacis-MBP.localdomain" name="utilities.Olympics" tests="1" failures="0" timestamp="13 Feb 2018 02:29:21 GMT" time="8.298" errors="0">
  <testcase name="test1" time="8.298" classname="utilities.Olympics"/>
</testsuite> <!-- utilities.Olympics -->
