<?xml version="1.0" encoding="UTF-8"?>
<!-- Generated by org.testng.reporters.JUnitReportReporter -->
<testsuite skipped="0" hostname="Clacis-MacBook-Pro.local" name="testCases.FacebookTest" tests="1" failures="0" timestamp="07 Feb 2018 03:46:43 GMT" time="10.032" errors="0">
  <testcase name="facebook" time="10.032" classname="testCases.FacebookTest"/>
</testsuite> <!-- testCases.FacebookTest -->
